Date:2019-06-06
HEADER:Typical Pytest Output Sample
$ pytest -q test_sample.py
F                                      [100%]
================== FAILURES ==================
________________ test_answer _________________
...
>       assert 0  # to see what was printed
E       assert 0
test_sample.py:6: AssertionError
========== short test summary info ===========
FAILED test_sample.py::test_answer - assert 0
1 failed in 0.12s